
*** Running vivado
    with args -log design_101_dlmb_bram_if_cntlr_0.vds -m64 -product Vivado -mode batch -messageDb vivado.pb -notrace -source design_101_dlmb_bram_if_cntlr_0.tcl


****** Vivado v2018.3 (64-bit)
  **** SW Build 2405991 on Thu Dec  6 23:38:27 MST 2018
  **** IP Build 2404404 on Fri Dec  7 01:43:56 MST 2018
    ** Copyright 1986-2018 Xilinx, Inc. All Rights Reserved.

source design_101_dlmb_bram_if_cntlr_0.tcl -notrace
INFO: [IP_Flow 19-234] Refreshing IP repositories
INFO: [IP_Flow 19-1700] Loaded user IP repository 'c:/demo/simple_adder_ip'.
INFO: [IP_Flow 19-2313] Loaded Vivado IP repository 'C:/Xilinx/Vivado/2018.3/data/ip'.
WARNING: [IP_Flow 19-4995] The host OS only allows 260 characters in a normal path. The IP cache path is more than 80 characters. If you experience issues with IP caching, please consider changing the IP cache to a location with a shorter path. Alternately consider using the OS subst command to map part of the path to a drive letter. 
Current IP cache path is c:/demo/simple_adder_microblaze_interface/simple_adder_microblaze_interface/simple_adder_microblaze_interface.cache/ip 
Command: synth_design -top design_101_dlmb_bram_if_cntlr_0 -part xczu7ev-ffvc1156-2-e -mode out_of_context
Starting synth_design
Attempting to get a license for feature 'Synthesis' and/or device 'xczu7ev'
INFO: [Common 17-349] Got license for feature 'Synthesis' and/or device 'xczu7ev'
INFO: Launching helper process for spawning children vivado processes
INFO: Helper process launched with PID 4520 
---------------------------------------------------------------------------------
Starting RTL Elaboration : Time (s): cpu = 00:00:04 ; elapsed = 00:00:04 . Memory (MB): peak = 396.426 ; gain = 95.172
---------------------------------------------------------------------------------
INFO: [Synth 8-638] synthesizing module 'design_101_dlmb_bram_if_cntlr_0' [c:/demo/simple_adder_microblaze_interface/simple_adder_microblaze_interface/simple_adder_microblaze_interface.srcs/sources_1/bd/design_101/ip/design_101_dlmb_bram_if_cntlr_0/synth/design_101_dlmb_bram_if_cntlr_0.vhd:84]
	Parameter C_FAMILY bound to: zynquplus - type: string 
	Parameter C_HIGHADDR bound to: 64'b0000000000000000000000000000000000000000000000011111111111111111 
	Parameter C_BASEADDR bound to: 64'b0000000000000000000000000000000000000000000000000000000000000000 
	Parameter C_NUM_LMB bound to: 1 - type: integer 
	Parameter C_MASK bound to: 64'b0000000000000000000000000000000001000000000000000000000000000000 
	Parameter C_MASK1 bound to: 64'b0000000000000000000000000000000000000000100000000000000000000000 
	Parameter C_MASK2 bound to: 64'b0000000000000000000000000000000000000000100000000000000000000000 
	Parameter C_MASK3 bound to: 64'b0000000000000000000000000000000000000000100000000000000000000000 
	Parameter C_LMB_AWIDTH bound to: 32 - type: integer 
	Parameter C_LMB_DWIDTH bound to: 32 - type: integer 
	Parameter C_ECC bound to: 0 - type: integer 
	Parameter C_INTERCONNECT bound to: 0 - type: integer 
	Parameter C_FAULT_INJECT bound to: 0 - type: integer 
	Parameter C_CE_FAILING_REGISTERS bound to: 0 - type: integer 
	Parameter C_UE_FAILING_REGISTERS bound to: 0 - type: integer 
	Parameter C_ECC_STATUS_REGISTERS bound to: 0 - type: integer 
	Parameter C_ECC_ONOFF_REGISTER bound to: 0 - type: integer 
	Parameter C_ECC_ONOFF_RESET_VALUE bound to: 1 - type: integer 
	Parameter C_CE_COUNTER_WIDTH bound to: 0 - type: integer 
	Parameter C_WRITE_ACCESS bound to: 2 - type: integer 
	Parameter C_BRAM_AWIDTH bound to: 32 - type: integer 
	Parameter C_S_AXI_CTRL_ADDR_WIDTH bound to: 32 - type: integer 
	Parameter C_S_AXI_CTRL_DATA_WIDTH bound to: 32 - type: integer 
INFO: [Synth 8-3491] module 'lmb_bram_if_cntlr' declared at 'c:/demo/simple_adder_microblaze_interface/simple_adder_microblaze_interface/simple_adder_microblaze_interface.srcs/sources_1/bd/design_101/ipshared/92fd/hdl/lmb_bram_if_cntlr_v4_0_vh_rfs.vhd:3116' bound to instance 'U0' of component 'lmb_bram_if_cntlr' [c:/demo/simple_adder_microblaze_interface/simple_adder_microblaze_interface/simple_adder_microblaze_interface.srcs/sources_1/bd/design_101/ip/design_101_dlmb_bram_if_cntlr_0/synth/design_101_dlmb_bram_if_cntlr_0.vhd:225]
INFO: [Synth 8-638] synthesizing module 'lmb_bram_if_cntlr' [c:/demo/simple_adder_microblaze_interface/simple_adder_microblaze_interface/simple_adder_microblaze_interface.srcs/sources_1/bd/design_101/ipshared/92fd/hdl/lmb_bram_if_cntlr_v4_0_vh_rfs.vhd:3240]
	Parameter C_FAMILY bound to: zynquplus - type: string 
	Parameter C_HIGHADDR bound to: 64'b0000000000000000000000000000000000000000000000011111111111111111 
	Parameter C_BASEADDR bound to: 64'b0000000000000000000000000000000000000000000000000000000000000000 
	Parameter C_MASK bound to: 64'b0000000000000000000000000000000001000000000000000000000000000000 
	Parameter C_MASK1 bound to: 64'b0000000000000000000000000000000000000000100000000000000000000000 
	Parameter C_MASK2 bound to: 64'b0000000000000000000000000000000000000000100000000000000000000000 
	Parameter C_MASK3 bound to: 64'b0000000000000000000000000000000000000000100000000000000000000000 
	Parameter C_LMB_AWIDTH bound to: 32 - type: integer 
	Parameter C_LMB_DWIDTH bound to: 32 - type: integer 
	Parameter C_ECC bound to: 0 - type: integer 
	Parameter C_INTERCONNECT bound to: 0 - type: integer 
	Parameter C_FAULT_INJECT bound to: 0 - type: integer 
	Parameter C_CE_FAILING_REGISTERS bound to: 0 - type: integer 
	Parameter C_UE_FAILING_REGISTERS bound to: 0 - type: integer 
	Parameter C_ECC_STATUS_REGISTERS bound to: 0 - type: integer 
	Parameter C_ECC_ONOFF_REGISTER bound to: 0 - type: integer 
	Parameter C_ECC_ONOFF_RESET_VALUE bound to: 1 - type: integer 
	Parameter C_CE_COUNTER_WIDTH bound to: 0 - type: integer 
	Parameter C_WRITE_ACCESS bound to: 2 - type: integer 
	Parameter C_NUM_LMB bound to: 1 - type: integer 
	Parameter C_BRAM_AWIDTH bound to: 32 - type: integer 
	Parameter C_S_AXI_CTRL_BASEADDR bound to: 32'b11111111111111111111111111111111 
	Parameter C_S_AXI_CTRL_HIGHADDR bound to: 32'b00000000000000000000000000000000 
	Parameter C_S_AXI_CTRL_ADDR_WIDTH bound to: 32 - type: integer 
	Parameter C_S_AXI_CTRL_DATA_WIDTH bound to: 32 - type: integer 
	Parameter C_TARGET bound to: 6 - type: integer 
	Parameter C_BASEADDR bound to: 64'b0000000000000000000000000000000000000000000000000000000000000000 
	Parameter C_MASK bound to: 64'b0000000000000000000000000000000001000000000000000000000000000000 
	Parameter C_MASK1 bound to: 64'b0000000000000000000000000000000000000000100000000000000000000000 
	Parameter C_MASK2 bound to: 64'b0000000000000000000000000000000000000000100000000000000000000000 
	Parameter C_MASK3 bound to: 64'b0000000000000000000000000000000000000000100000000000000000000000 
	Parameter C_LMB_AWIDTH bound to: 32 - type: integer 
	Parameter C_LMB_DWIDTH bound to: 32 - type: integer 
	Parameter C_ECC bound to: 0 - type: integer 
	Parameter C_NUM_LMB bound to: 1 - type: integer 
INFO: [Synth 8-3491] module 'lmb_mux' declared at 'c:/demo/simple_adder_microblaze_interface/simple_adder_microblaze_interface/simple_adder_microblaze_interface.srcs/sources_1/bd/design_101/ipshared/92fd/hdl/lmb_bram_if_cntlr_v4_0_vh_rfs.vhd:2524' bound to instance 'lmb_mux_I' of component 'lmb_mux' [c:/demo/simple_adder_microblaze_interface/simple_adder_microblaze_interface/simple_adder_microblaze_interface.srcs/sources_1/bd/design_101/ipshared/92fd/hdl/lmb_bram_if_cntlr_v4_0_vh_rfs.vhd:3463]
INFO: [Synth 8-638] synthesizing module 'lmb_mux' [c:/demo/simple_adder_microblaze_interface/simple_adder_microblaze_interface/simple_adder_microblaze_interface.srcs/sources_1/bd/design_101/ipshared/92fd/hdl/lmb_bram_if_cntlr_v4_0_vh_rfs.vhd:2610]
	Parameter C_TARGET bound to: 6 - type: integer 
	Parameter C_BASEADDR bound to: 64'b0000000000000000000000000000000000000000000000000000000000000000 
	Parameter C_MASK bound to: 64'b0000000000000000000000000000000001000000000000000000000000000000 
	Parameter C_MASK1 bound to: 64'b0000000000000000000000000000000000000000100000000000000000000000 
	Parameter C_MASK2 bound to: 64'b0000000000000000000000000000000000000000100000000000000000000000 
	Parameter C_MASK3 bound to: 64'b0000000000000000000000000000000000000000100000000000000000000000 
	Parameter C_LMB_AWIDTH bound to: 32 - type: integer 
	Parameter C_LMB_DWIDTH bound to: 32 - type: integer 
	Parameter C_ECC bound to: 0 - type: integer 
	Parameter C_NUM_LMB bound to: 1 - type: integer 
	Parameter C_AW bound to: 32 - type: integer 
	Parameter C_BAR bound to: 64'b0000000000000000000000000000000000000000000000000000000000000000 
	Parameter C_MASK bound to: 64'b0000000000000000000000000000000001000000000000000000000000000000 
INFO: [Synth 8-3491] module 'pselect_mask' declared at 'c:/demo/simple_adder_microblaze_interface/simple_adder_microblaze_interface/simple_adder_microblaze_interface.srcs/sources_1/bd/design_101/ipshared/92fd/hdl/lmb_bram_if_cntlr_v4_0_vh_rfs.vhd:2107' bound to instance 'pselect_mask_lmb' of component 'pselect_mask' [c:/demo/simple_adder_microblaze_interface/simple_adder_microblaze_interface/simple_adder_microblaze_interface.srcs/sources_1/bd/design_101/ipshared/92fd/hdl/lmb_bram_if_cntlr_v4_0_vh_rfs.vhd:2678]
INFO: [Synth 8-638] synthesizing module 'pselect_mask' [c:/demo/simple_adder_microblaze_interface/simple_adder_microblaze_interface/simple_adder_microblaze_interface.srcs/sources_1/bd/design_101/ipshared/92fd/hdl/lmb_bram_if_cntlr_v4_0_vh_rfs.vhd:2122]
	Parameter C_AW bound to: 32 - type: integer 
	Parameter C_BAR bound to: 64'b0000000000000000000000000000000000000000000000000000000000000000 
	Parameter C_MASK bound to: 64'b0000000000000000000000000000000001000000000000000000000000000000 
INFO: [Synth 8-256] done synthesizing module 'pselect_mask' (1#1) [c:/demo/simple_adder_microblaze_interface/simple_adder_microblaze_interface/simple_adder_microblaze_interface.srcs/sources_1/bd/design_101/ipshared/92fd/hdl/lmb_bram_if_cntlr_v4_0_vh_rfs.vhd:2122]
INFO: [Synth 8-256] done synthesizing module 'lmb_mux' (2#1) [c:/demo/simple_adder_microblaze_interface/simple_adder_microblaze_interface/simple_adder_microblaze_interface.srcs/sources_1/bd/design_101/ipshared/92fd/hdl/lmb_bram_if_cntlr_v4_0_vh_rfs.vhd:2610]
INFO: [Synth 8-256] done synthesizing module 'lmb_bram_if_cntlr' (3#1) [c:/demo/simple_adder_microblaze_interface/simple_adder_microblaze_interface/simple_adder_microblaze_interface.srcs/sources_1/bd/design_101/ipshared/92fd/hdl/lmb_bram_if_cntlr_v4_0_vh_rfs.vhd:3240]
INFO: [Synth 8-256] done synthesizing module 'design_101_dlmb_bram_if_cntlr_0' (4#1) [c:/demo/simple_adder_microblaze_interface/simple_adder_microblaze_interface/simple_adder_microblaze_interface.srcs/sources_1/bd/design_101/ip/design_101_dlmb_bram_if_cntlr_0/synth/design_101_dlmb_bram_if_cntlr_0.vhd:84]
WARNING: [Synth 8-3331] design pselect_mask has unconnected port A[0]
WARNING: [Synth 8-3331] design pselect_mask has unconnected port A[2]
WARNING: [Synth 8-3331] design pselect_mask has unconnected port A[3]
WARNING: [Synth 8-3331] design pselect_mask has unconnected port A[4]
WARNING: [Synth 8-3331] design pselect_mask has unconnected port A[5]
WARNING: [Synth 8-3331] design pselect_mask has unconnected port A[6]
WARNING: [Synth 8-3331] design pselect_mask has unconnected port A[7]
WARNING: [Synth 8-3331] design pselect_mask has unconnected port A[8]
WARNING: [Synth 8-3331] design pselect_mask has unconnected port A[9]
WARNING: [Synth 8-3331] design pselect_mask has unconnected port A[10]
WARNING: [Synth 8-3331] design pselect_mask has unconnected port A[11]
WARNING: [Synth 8-3331] design pselect_mask has unconnected port A[12]
WARNING: [Synth 8-3331] design pselect_mask has unconnected port A[13]
WARNING: [Synth 8-3331] design pselect_mask has unconnected port A[14]
WARNING: [Synth 8-3331] design pselect_mask has unconnected port A[15]
WARNING: [Synth 8-3331] design pselect_mask has unconnected port A[16]
WARNING: [Synth 8-3331] design pselect_mask has unconnected port A[17]
WARNING: [Synth 8-3331] design pselect_mask has unconnected port A[18]
WARNING: [Synth 8-3331] design pselect_mask has unconnected port A[19]
WARNING: [Synth 8-3331] design pselect_mask has unconnected port A[20]
WARNING: [Synth 8-3331] design pselect_mask has unconnected port A[21]
WARNING: [Synth 8-3331] design pselect_mask has unconnected port A[22]
WARNING: [Synth 8-3331] design pselect_mask has unconnected port A[23]
WARNING: [Synth 8-3331] design pselect_mask has unconnected port A[24]
WARNING: [Synth 8-3331] design pselect_mask has unconnected port A[25]
WARNING: [Synth 8-3331] design pselect_mask has unconnected port A[26]
WARNING: [Synth 8-3331] design pselect_mask has unconnected port A[27]
WARNING: [Synth 8-3331] design pselect_mask has unconnected port A[28]
WARNING: [Synth 8-3331] design pselect_mask has unconnected port A[29]
WARNING: [Synth 8-3331] design pselect_mask has unconnected port A[30]
WARNING: [Synth 8-3331] design pselect_mask has unconnected port A[31]
WARNING: [Synth 8-3331] design lmb_mux has unconnected port LMB_Clk
WARNING: [Synth 8-3331] design lmb_mux has unconnected port LMB_Rst
WARNING: [Synth 8-3331] design lmb_mux has unconnected port LMB1_ABus[0]
WARNING: [Synth 8-3331] design lmb_mux has unconnected port LMB1_ABus[1]
WARNING: [Synth 8-3331] design lmb_mux has unconnected port LMB1_ABus[2]
WARNING: [Synth 8-3331] design lmb_mux has unconnected port LMB1_ABus[3]
WARNING: [Synth 8-3331] design lmb_mux has unconnected port LMB1_ABus[4]
WARNING: [Synth 8-3331] design lmb_mux has unconnected port LMB1_ABus[5]
WARNING: [Synth 8-3331] design lmb_mux has unconnected port LMB1_ABus[6]
WARNING: [Synth 8-3331] design lmb_mux has unconnected port LMB1_ABus[7]
WARNING: [Synth 8-3331] design lmb_mux has unconnected port LMB1_ABus[8]
WARNING: [Synth 8-3331] design lmb_mux has unconnected port LMB1_ABus[9]
WARNING: [Synth 8-3331] design lmb_mux has unconnected port LMB1_ABus[10]
WARNING: [Synth 8-3331] design lmb_mux has unconnected port LMB1_ABus[11]
WARNING: [Synth 8-3331] design lmb_mux has unconnected port LMB1_ABus[12]
WARNING: [Synth 8-3331] design lmb_mux has unconnected port LMB1_ABus[13]
WARNING: [Synth 8-3331] design lmb_mux has unconnected port LMB1_ABus[14]
WARNING: [Synth 8-3331] design lmb_mux has unconnected port LMB1_ABus[15]
WARNING: [Synth 8-3331] design lmb_mux has unconnected port LMB1_ABus[16]
WARNING: [Synth 8-3331] design lmb_mux has unconnected port LMB1_ABus[17]
WARNING: [Synth 8-3331] design lmb_mux has unconnected port LMB1_ABus[18]
WARNING: [Synth 8-3331] design lmb_mux has unconnected port LMB1_ABus[19]
WARNING: [Synth 8-3331] design lmb_mux has unconnected port LMB1_ABus[20]
WARNING: [Synth 8-3331] design lmb_mux has unconnected port LMB1_ABus[21]
WARNING: [Synth 8-3331] design lmb_mux has unconnected port LMB1_ABus[22]
WARNING: [Synth 8-3331] design lmb_mux has unconnected port LMB1_ABus[23]
WARNING: [Synth 8-3331] design lmb_mux has unconnected port LMB1_ABus[24]
WARNING: [Synth 8-3331] design lmb_mux has unconnected port LMB1_ABus[25]
WARNING: [Synth 8-3331] design lmb_mux has unconnected port LMB1_ABus[26]
WARNING: [Synth 8-3331] design lmb_mux has unconnected port LMB1_ABus[27]
WARNING: [Synth 8-3331] design lmb_mux has unconnected port LMB1_ABus[28]
WARNING: [Synth 8-3331] design lmb_mux has unconnected port LMB1_ABus[29]
WARNING: [Synth 8-3331] design lmb_mux has unconnected port LMB1_ABus[30]
WARNING: [Synth 8-3331] design lmb_mux has unconnected port LMB1_ABus[31]
WARNING: [Synth 8-3331] design lmb_mux has unconnected port LMB1_WriteDBus[0]
WARNING: [Synth 8-3331] design lmb_mux has unconnected port LMB1_WriteDBus[1]
WARNING: [Synth 8-3331] design lmb_mux has unconnected port LMB1_WriteDBus[2]
WARNING: [Synth 8-3331] design lmb_mux has unconnected port LMB1_WriteDBus[3]
WARNING: [Synth 8-3331] design lmb_mux has unconnected port LMB1_WriteDBus[4]
WARNING: [Synth 8-3331] design lmb_mux has unconnected port LMB1_WriteDBus[5]
WARNING: [Synth 8-3331] design lmb_mux has unconnected port LMB1_WriteDBus[6]
WARNING: [Synth 8-3331] design lmb_mux has unconnected port LMB1_WriteDBus[7]
WARNING: [Synth 8-3331] design lmb_mux has unconnected port LMB1_WriteDBus[8]
WARNING: [Synth 8-3331] design lmb_mux has unconnected port LMB1_WriteDBus[9]
WARNING: [Synth 8-3331] design lmb_mux has unconnected port LMB1_WriteDBus[10]
WARNING: [Synth 8-3331] design lmb_mux has unconnected port LMB1_WriteDBus[11]
WARNING: [Synth 8-3331] design lmb_mux has unconnected port LMB1_WriteDBus[12]
WARNING: [Synth 8-3331] design lmb_mux has unconnected port LMB1_WriteDBus[13]
WARNING: [Synth 8-3331] design lmb_mux has unconnected port LMB1_WriteDBus[14]
WARNING: [Synth 8-3331] design lmb_mux has unconnected port LMB1_WriteDBus[15]
WARNING: [Synth 8-3331] design lmb_mux has unconnected port LMB1_WriteDBus[16]
WARNING: [Synth 8-3331] design lmb_mux has unconnected port LMB1_WriteDBus[17]
WARNING: [Synth 8-3331] design lmb_mux has unconnected port LMB1_WriteDBus[18]
WARNING: [Synth 8-3331] design lmb_mux has unconnected port LMB1_WriteDBus[19]
WARNING: [Synth 8-3331] design lmb_mux has unconnected port LMB1_WriteDBus[20]
WARNING: [Synth 8-3331] design lmb_mux has unconnected port LMB1_WriteDBus[21]
WARNING: [Synth 8-3331] design lmb_mux has unconnected port LMB1_WriteDBus[22]
WARNING: [Synth 8-3331] design lmb_mux has unconnected port LMB1_WriteDBus[23]
WARNING: [Synth 8-3331] design lmb_mux has unconnected port LMB1_WriteDBus[24]
WARNING: [Synth 8-3331] design lmb_mux has unconnected port LMB1_WriteDBus[25]
WARNING: [Synth 8-3331] design lmb_mux has unconnected port LMB1_WriteDBus[26]
WARNING: [Synth 8-3331] design lmb_mux has unconnected port LMB1_WriteDBus[27]
WARNING: [Synth 8-3331] design lmb_mux has unconnected port LMB1_WriteDBus[28]
WARNING: [Synth 8-3331] design lmb_mux has unconnected port LMB1_WriteDBus[29]
WARNING: [Synth 8-3331] design lmb_mux has unconnected port LMB1_WriteDBus[30]
WARNING: [Synth 8-3331] design lmb_mux has unconnected port LMB1_WriteDBus[31]
WARNING: [Synth 8-3331] design lmb_mux has unconnected port LMB1_AddrStrobe
WARNING: [Synth 8-3331] design lmb_mux has unconnected port LMB1_ReadStrobe
WARNING: [Synth 8-3331] design lmb_mux has unconnected port LMB1_WriteStrobe
INFO: [Common 17-14] Message 'Synth 8-3331' appears 100 times and further instances of the messages will be disabled. Use the Tcl command set_msg_config to change the current settings.
---------------------------------------------------------------------------------
Finished RTL Elaboration : Time (s): cpu = 00:00:05 ; elapsed = 00:00:06 . Memory (MB): peak = 454.777 ; gain = 153.523
---------------------------------------------------------------------------------

Report Check Netlist: 
+------+------------------+-------+---------+-------+------------------+
|      |Item              |Errors |Warnings |Status |Description       |
+------+------------------+-------+---------+-------+------------------+
|1     |multi_driven_nets |      0|        0|Passed |Multi driven nets |
+------+------------------+-------+---------+-------+------------------+
---------------------------------------------------------------------------------
Start Handling Custom Attributes
---------------------------------------------------------------------------------
---------------------------------------------------------------------------------
Finished Handling Custom Attributes : Time (s): cpu = 00:00:05 ; elapsed = 00:00:06 . Memory (MB): peak = 454.777 ; gain = 153.523
---------------------------------------------------------------------------------
---------------------------------------------------------------------------------
Finished RTL Optimization Phase 1 : Time (s): cpu = 00:00:05 ; elapsed = 00:00:06 . Memory (MB): peak = 454.777 ; gain = 153.523
---------------------------------------------------------------------------------
INFO: [Device 21-403] Loading part xczu7ev-ffvc1156-2-e
INFO: [Project 1-570] Preparing netlist for logic optimization

Processing XDC Constraints
Initializing timing engine
Parsing XDC File [c:/demo/simple_adder_microblaze_interface/simple_adder_microblaze_interface/simple_adder_microblaze_interface.srcs/sources_1/bd/design_101/ip/design_101_dlmb_bram_if_cntlr_0/design_101_dlmb_bram_if_cntlr_0_ooc.xdc] for cell 'U0'
Finished Parsing XDC File [c:/demo/simple_adder_microblaze_interface/simple_adder_microblaze_interface/simple_adder_microblaze_interface.srcs/sources_1/bd/design_101/ip/design_101_dlmb_bram_if_cntlr_0/design_101_dlmb_bram_if_cntlr_0_ooc.xdc] for cell 'U0'
Parsing XDC File [C:/demo/simple_adder_microblaze_interface/simple_adder_microblaze_interface/simple_adder_microblaze_interface.runs/design_101_dlmb_bram_if_cntlr_0_synth_1/dont_touch.xdc]
Finished Parsing XDC File [C:/demo/simple_adder_microblaze_interface/simple_adder_microblaze_interface/simple_adder_microblaze_interface.runs/design_101_dlmb_bram_if_cntlr_0_synth_1/dont_touch.xdc]
Completed Processing XDC Constraints

Netlist sorting complete. Time (s): cpu = 00:00:00 ; elapsed = 00:00:00 . Memory (MB): peak = 1544.473 ; gain = 0.000
INFO: [Project 1-111] Unisim Transformation Summary:
No Unisim elements were transformed.

Netlist sorting complete. Time (s): cpu = 00:00:00 ; elapsed = 00:00:00 . Memory (MB): peak = 1544.473 ; gain = 0.000
Constraint Validation Runtime : Time (s): cpu = 00:00:01 ; elapsed = 00:00:00.039 . Memory (MB): peak = 1544.473 ; gain = 0.000
---------------------------------------------------------------------------------
Finished Constraint Validation : Time (s): cpu = 00:00:23 ; elapsed = 00:00:26 . Memory (MB): peak = 1544.473 ; gain = 1243.219
---------------------------------------------------------------------------------
---------------------------------------------------------------------------------
Start Loading Part and Timing Information
---------------------------------------------------------------------------------
Loading part: xczu7ev-ffvc1156-2-e
INFO: [Synth 8-6742] Reading net delay rules and data
---------------------------------------------------------------------------------
Finished Loading Part and Timing Information : Time (s): cpu = 00:00:23 ; elapsed = 00:00:26 . Memory (MB): peak = 1544.473 ; gain = 1243.219
---------------------------------------------------------------------------------
---------------------------------------------------------------------------------
Start Applying 'set_property' XDC Constraints
---------------------------------------------------------------------------------
Applied set_property DONT_TOUCH = true for U0. (constraint file  C:/demo/simple_adder_microblaze_interface/simple_adder_microblaze_interface/simple_adder_microblaze_interface.runs/design_101_dlmb_bram_if_cntlr_0_synth_1/dont_touch.xdc, line 9).
---------------------------------------------------------------------------------
Finished applying 'set_property' XDC Constraints : Time (s): cpu = 00:00:23 ; elapsed = 00:00:26 . Memory (MB): peak = 1544.473 ; gain = 1243.219
---------------------------------------------------------------------------------
---------------------------------------------------------------------------------
Finished RTL Optimization Phase 2 : Time (s): cpu = 00:00:23 ; elapsed = 00:00:27 . Memory (MB): peak = 1544.473 ; gain = 1243.219
---------------------------------------------------------------------------------

Report RTL Partitions: 
+-+--------------+------------+----------+
| |RTL Partition |Replication |Instances |
+-+--------------+------------+----------+
+-+--------------+------------+----------+
---------------------------------------------------------------------------------
Start RTL Component Statistics 
---------------------------------------------------------------------------------
Detailed RTL Component Info : 
+---Registers : 
	                1 Bit    Registers := 2     
---------------------------------------------------------------------------------
Finished RTL Component Statistics 
---------------------------------------------------------------------------------
---------------------------------------------------------------------------------
Start RTL Hierarchical Component Statistics 
---------------------------------------------------------------------------------
Hierarchical RTL Component report 
Module lmb_bram_if_cntlr 
Detailed RTL Component Info : 
+---Registers : 
	                1 Bit    Registers := 2     
---------------------------------------------------------------------------------
Finished RTL Hierarchical Component Statistics
---------------------------------------------------------------------------------
---------------------------------------------------------------------------------
Start Part Resource Summary
---------------------------------------------------------------------------------
Part Resources:
DSPs: 1728 (col length:144)
BRAMs: 624 (col length: RAMB18 144 RAMB36 72)
---------------------------------------------------------------------------------
Finished Part Resource Summary
---------------------------------------------------------------------------------
---------------------------------------------------------------------------------
Start Cross Boundary and Area Optimization
---------------------------------------------------------------------------------
Warning: Parallel synthesis criteria is not met 
---------------------------------------------------------------------------------
Finished Cross Boundary and Area Optimization : Time (s): cpu = 00:00:24 ; elapsed = 00:00:28 . Memory (MB): peak = 1544.473 ; gain = 1243.219
---------------------------------------------------------------------------------

Report RTL Partitions: 
+-+--------------+------------+----------+
| |RTL Partition |Replication |Instances |
+-+--------------+------------+----------+
+-+--------------+------------+----------+
---------------------------------------------------------------------------------
Start Applying XDC Timing Constraints
---------------------------------------------------------------------------------
---------------------------------------------------------------------------------
Finished Applying XDC Timing Constraints : Time (s): cpu = 00:00:41 ; elapsed = 00:00:46 . Memory (MB): peak = 1968.488 ; gain = 1667.234
---------------------------------------------------------------------------------
---------------------------------------------------------------------------------
Start Timing Optimization
---------------------------------------------------------------------------------
---------------------------------------------------------------------------------
Finished Timing Optimization : Time (s): cpu = 00:00:41 ; elapsed = 00:00:46 . Memory (MB): peak = 1968.488 ; gain = 1667.234
---------------------------------------------------------------------------------

Report RTL Partitions: 
+-+--------------+------------+----------+
| |RTL Partition |Replication |Instances |
+-+--------------+------------+----------+
+-+--------------+------------+----------+
---------------------------------------------------------------------------------
Start Technology Mapping
---------------------------------------------------------------------------------
---------------------------------------------------------------------------------
Finished Technology Mapping : Time (s): cpu = 00:00:41 ; elapsed = 00:00:46 . Memory (MB): peak = 1978.016 ; gain = 1676.762
---------------------------------------------------------------------------------

Report RTL Partitions: 
+-+--------------+------------+----------+
| |RTL Partition |Replication |Instances |
+-+--------------+------------+----------+
+-+--------------+------------+----------+
---------------------------------------------------------------------------------
Start IO Insertion
---------------------------------------------------------------------------------
---------------------------------------------------------------------------------
Start Flattening Before IO Insertion
---------------------------------------------------------------------------------
---------------------------------------------------------------------------------
Finished Flattening Before IO Insertion
---------------------------------------------------------------------------------
---------------------------------------------------------------------------------
Start Final Netlist Cleanup
---------------------------------------------------------------------------------
---------------------------------------------------------------------------------
Finished Final Netlist Cleanup
---------------------------------------------------------------------------------
---------------------------------------------------------------------------------
Finished IO Insertion : Time (s): cpu = 00:00:42 ; elapsed = 00:00:48 . Memory (MB): peak = 1978.016 ; gain = 1676.762
---------------------------------------------------------------------------------

Report Check Netlist: 
+------+------------------+-------+---------+-------+------------------+
|      |Item              |Errors |Warnings |Status |Description       |
+------+------------------+-------+---------+-------+------------------+
|1     |multi_driven_nets |      0|        0|Passed |Multi driven nets |
+------+------------------+-------+---------+-------+------------------+
---------------------------------------------------------------------------------
Start Renaming Generated Instances
---------------------------------------------------------------------------------
---------------------------------------------------------------------------------
Finished Renaming Generated Instances : Time (s): cpu = 00:00:42 ; elapsed = 00:00:48 . Memory (MB): peak = 1978.016 ; gain = 1676.762
---------------------------------------------------------------------------------

Report RTL Partitions: 
+-+--------------+------------+----------+
| |RTL Partition |Replication |Instances |
+-+--------------+------------+----------+
+-+--------------+------------+----------+
---------------------------------------------------------------------------------
Start Rebuilding User Hierarchy
---------------------------------------------------------------------------------
---------------------------------------------------------------------------------
Finished Rebuilding User Hierarchy : Time (s): cpu = 00:00:42 ; elapsed = 00:00:48 . Memory (MB): peak = 1978.016 ; gain = 1676.762
---------------------------------------------------------------------------------
---------------------------------------------------------------------------------
Start Renaming Generated Ports
---------------------------------------------------------------------------------
---------------------------------------------------------------------------------
Finished Renaming Generated Ports : Time (s): cpu = 00:00:42 ; elapsed = 00:00:48 . Memory (MB): peak = 1978.016 ; gain = 1676.762
---------------------------------------------------------------------------------
---------------------------------------------------------------------------------
Start Handling Custom Attributes
---------------------------------------------------------------------------------
---------------------------------------------------------------------------------
Finished Handling Custom Attributes : Time (s): cpu = 00:00:42 ; elapsed = 00:00:48 . Memory (MB): peak = 1978.016 ; gain = 1676.762
---------------------------------------------------------------------------------
---------------------------------------------------------------------------------
Start Renaming Generated Nets
---------------------------------------------------------------------------------
---------------------------------------------------------------------------------
Finished Renaming Generated Nets : Time (s): cpu = 00:00:42 ; elapsed = 00:00:48 . Memory (MB): peak = 1978.016 ; gain = 1676.762
---------------------------------------------------------------------------------
---------------------------------------------------------------------------------
Start Writing Synthesis Report
---------------------------------------------------------------------------------

Report BlackBoxes: 
+-+--------------+----------+
| |BlackBox name |Instances |
+-+--------------+----------+
+-+--------------+----------+

Report Cell Usage: 
+------+-----+------+
|      |Cell |Count |
+------+-----+------+
|1     |LUT1 |     1|
|2     |LUT2 |     1|
|3     |LUT3 |     4|
|4     |FDRE |     2|
+------+-----+------+

Report Instance Areas: 
+------+---------+------------------+------+
|      |Instance |Module            |Cells |
+------+---------+------------------+------+
|1     |top      |                  |     8|
|2     |  U0     |lmb_bram_if_cntlr |     8|
+------+---------+------------------+------+
---------------------------------------------------------------------------------
Finished Writing Synthesis Report : Time (s): cpu = 00:00:42 ; elapsed = 00:00:48 . Memory (MB): peak = 1978.016 ; gain = 1676.762
---------------------------------------------------------------------------------
Synthesis finished with 0 errors, 0 critical warnings and 321 warnings.
Synthesis Optimization Runtime : Time (s): cpu = 00:00:22 ; elapsed = 00:00:31 . Memory (MB): peak = 1978.016 ; gain = 587.066
Synthesis Optimization Complete : Time (s): cpu = 00:00:42 ; elapsed = 00:00:48 . Memory (MB): peak = 1978.016 ; gain = 1676.762
INFO: [Project 1-571] Translating synthesized netlist
INFO: [Project 1-570] Preparing netlist for logic optimization
INFO: [Opt 31-138] Pushed 0 inverter(s) to 0 load pin(s).
Netlist sorting complete. Time (s): cpu = 00:00:00 ; elapsed = 00:00:00 . Memory (MB): peak = 2016.031 ; gain = 0.000
INFO: [Project 1-111] Unisim Transformation Summary:
No Unisim elements were transformed.

INFO: [Common 17-83] Releasing license: Synthesis
25 Infos, 101 Warnings, 0 Critical Warnings and 0 Errors encountered.
synth_design completed successfully
synth_design: Time (s): cpu = 00:00:45 ; elapsed = 00:00:51 . Memory (MB): peak = 2016.031 ; gain = 1714.777
Netlist sorting complete. Time (s): cpu = 00:00:00 ; elapsed = 00:00:00 . Memory (MB): peak = 2016.031 ; gain = 0.000
WARNING: [Constraints 18-5210] No constraints selected for write.
Resolution: This message can indicate that there are no constraints for the design, or it can indicate that the used_in flags are set such that the constraints are ignored. This later case is used when running synth_design to not write synthesis constraints to the resulting checkpoint. Instead, project constraints are read when the synthesized design is opened.
INFO: [Common 17-1381] The checkpoint 'C:/demo/simple_adder_microblaze_interface/simple_adder_microblaze_interface/simple_adder_microblaze_interface.runs/design_101_dlmb_bram_if_cntlr_0_synth_1/design_101_dlmb_bram_if_cntlr_0.dcp' has been generated.
INFO: [Coretcl 2-1648] Added synthesis output to IP cache for IP design_101_dlmb_bram_if_cntlr_0, cache-ID = e627e96c1bc4b5fd
Netlist sorting complete. Time (s): cpu = 00:00:00 ; elapsed = 00:00:00.001 . Memory (MB): peak = 2016.031 ; gain = 0.000
WARNING: [Constraints 18-5210] No constraints selected for write.
Resolution: This message can indicate that there are no constraints for the design, or it can indicate that the used_in flags are set such that the constraints are ignored. This later case is used when running synth_design to not write synthesis constraints to the resulting checkpoint. Instead, project constraints are read when the synthesized design is opened.
INFO: [Common 17-1381] The checkpoint 'C:/demo/simple_adder_microblaze_interface/simple_adder_microblaze_interface/simple_adder_microblaze_interface.runs/design_101_dlmb_bram_if_cntlr_0_synth_1/design_101_dlmb_bram_if_cntlr_0.dcp' has been generated.
INFO: [runtcl-4] Executing : report_utilization -file design_101_dlmb_bram_if_cntlr_0_utilization_synth.rpt -pb design_101_dlmb_bram_if_cntlr_0_utilization_synth.pb
INFO: [Common 17-206] Exiting Vivado at Tue Jun 30 20:13:28 2020...
